<?xml version="1.0" encoding="UTF-8"?>
<Site BuildName="Win32-ninja"
	BuildStamp="20220524-0312-Experimental"
	Name="DESKTOP-NS69RV4"
	Generator="ctest-3.23.1"
	CompilerName="C:/MinGW/bin/g++.exe"
	CompilerVersion="8.2.0"
	OSName="Windows"
	Hostname="DESKTOP-NS69RV4"
	OSRelease=" Personal"
	OSVersion=" (Build 19044)"
	OSPlatform="AMD64"
	Is64Bits="1"
	VendorString="GenuineIntel"
	VendorID="Intel Corporation"
	FamilyID="6"
	ModelID="14"
	ProcessorCacheSize="-1"
	NumberOfLogicalCPU="8"
	NumberOfPhysicalCPU="4"
	TotalVirtualMemory="20445"
	TotalPhysicalMemory="8058"
	LogicalProcessorsPerPhysical="2"
	ProcessorClockFrequency="1800"
	>
	<Testing>
		<StartDateTime>May 24 00:31 Eastern Daylight Time</StartDateTime>
		<StartTestTime>1653366706</StartTestTime>
		<TestList>
			<Test>./tests/testlibtest</Test>
		</TestList>
		<Test Status="passed">
			<Name>testlibtest</Name>
			<Path>./tests</Path>
			<FullName>./tests/testlibtest</FullName>
			<FullCommandLine>C:\OMSCS\Georgia_Tech_CS_Masters\build\tests\testlib.exe</FullCommandLine>
			<Results>
				<NamedMeasurement type="numeric/double" name="Execution Time">
					<Value>0.136542</Value>
				</NamedMeasurement>
				<NamedMeasurement type="numeric/double" name="Processors">
					<Value>1</Value>
				</NamedMeasurement>
				<NamedMeasurement type="text/string" name="Completion Status">
					<Value>Completed</Value>
				</NamedMeasurement>
				<NamedMeasurement type="text/string" name="Command Line">
					<Value>C:\OMSCS\Georgia_Tech_CS_Masters\build\tests\testlib.exe</Value>
				</NamedMeasurement>
				<NamedMeasurement type="text/string" name="Environment">
					<Value>#CTEST_RESOURCE_GROUP_COUNT=</Value>
				</NamedMeasurement>
				<Measurement>
					<Value encoding="base64" compression="gzip">eJzzLy0pKC1RSMsvUvBxDlbILFYwKUotKS3KUyhLzClNBQsY2FIXcDnm5CiUpBaXFCsUJBYXp6YoaJgrgBhFJZn5ecUKmXkKxmB5heTE4tRiTS4uAKo1MBE=</Value>
				</Measurement>
			</Results>
		</Test>
		<EndDateTime>May 24 00:31 Eastern Daylight Time</EndDateTime>
		<EndTestTime>1653366706</EndTestTime>
		<ElapsedMinutes>0</ElapsedMinutes>
	</Testing>
</Site>
