Start testing: May 18 18:50 Eastern Daylight Time
----------------------------------------------------------
1/1 Testing: testlibtest
1/1 Test: testlibtest
Command: "C:/OMSCS/Georgia_Tech_CS_Masters/build/tests/testlib.exe"
Directory: C:/OMSCS/Georgia_Tech_CS_Masters/build/tests
"testlibtest" start time: May 18 18:50 Eastern Daylight Time
Output:
----------------------------------------------------------
Output is 0===============================================================================
All tests passed (4 assertions in 1 test case)

<end of output>
Test time =   0.23 sec
----------------------------------------------------------
Test Passed.
"testlibtest" end time: May 18 18:50 Eastern Daylight Time
"testlibtest" time elapsed: 00:00:00
----------------------------------------------------------

End testing: May 18 18:50 Eastern Daylight Time
